#
# There is insufficient memory for the Java Runtime Environment to continue.
# Native memory allocation (malloc) failed to allocate 32784 bytes for Chunk::new
# Possible reasons:
#   The system is out of physical RAM or swap space
#   In 32 bit mode, the process size limit was hit
# Possible solutions:
#   Reduce memory load on the system
#   Increase physical memory or swap space
#   Check if swap backing store is full
#   Use 64 bit Java on a 64 bit OS
#   Decrease Java heap size (-Xmx/-Xms)
#   Decrease number of Java threads
#   Decrease Java thread stack sizes (-Xss)
#   Set larger code cache with -XX:ReservedCodeCacheSize=
# This output file may be truncated or incomplete.
#
#  Out of Memory Error (allocation.cpp:390), pid=72160, tid=0x00000000000102ec
#
# JRE version: Java(TM) SE Runtime Environment (8.0_131-b11) (build 1.8.0_131-b11)
# Java VM: Java HotSpot(TM) 64-Bit Server VM (25.131-b11 mixed mode windows-amd64 compressed oops)
# Failed to write core dump. Minidumps are not enabled by default on client versions of Windows
#

---------------  T H R E A D  ---------------

Current thread (0x00000000172cb000):  JavaThread "C2 CompilerThread0" daemon [_thread_in_native, id=66284, stack(0x0000000018910000,0x0000000018a10000)]

Stack: [0x0000000018910000,0x0000000018a10000]
[error occurred during error reporting (printing stack bounds), id 0xc0000005]

Native frames: (J=compiled Java code, j=interpreted, Vv=VM code, C=native code)


Current CompileTask:
C2:  11585 2754   !   4       sun.font.TrueTypeFont::getTableBuffer (199 bytes)


---------------  P R O C E S S  ---------------

Java Threads: ( => current thread )
  0x000000001ce03800 JavaThread "Image Fetcher 2" daemon [_thread_blocked, id=72424, stack(0x000000001ed20000,0x000000001ee20000)]
  0x000000001ce07000 JavaThread "Image Fetcher 1" daemon [_thread_blocked, id=72664, stack(0x000000001ec20000,0x000000001ed20000)]
  0x000000001cdff000 JavaThread "Image Fetcher 0" daemon [_thread_blocked, id=62556, stack(0x000000001eb20000,0x000000001ec20000)]
  0x000000001ce01000 JavaThread "SwingWorker-pool-1-thread-10" daemon [_thread_blocked, id=68552, stack(0x000000001ea20000,0x000000001eb20000)]
  0x000000001ce05800 JavaThread "SwingWorker-pool-1-thread-9" daemon [_thread_blocked, id=60844, stack(0x000000001e920000,0x000000001ea20000)]
  0x000000001cdfe000 JavaThread "SwingWorker-pool-1-thread-8" daemon [_thread_blocked, id=66356, stack(0x000000001e820000,0x000000001e920000)]
  0x000000001ce02800 JavaThread "SwingWorker-pool-1-thread-7" daemon [_thread_blocked, id=68328, stack(0x000000001e720000,0x000000001e820000)]
  0x000000001ce05000 JavaThread "SwingWorker-pool-1-thread-6" daemon [_thread_blocked, id=68676, stack(0x000000001e620000,0x000000001e720000)]
  0x000000001ce04000 JavaThread "SwingWorker-pool-1-thread-5" daemon [_thread_blocked, id=73760, stack(0x000000001e520000,0x000000001e620000)]
  0x000000001cdff800 JavaThread "SwingWorker-pool-1-thread-4" daemon [_thread_blocked, id=74588, stack(0x000000001e420000,0x000000001e520000)]
  0x0000000019776000 JavaThread "SwingWorker-pool-1-thread-3" daemon [_thread_blocked, id=63500, stack(0x000000001e320000,0x000000001e420000)]
  0x0000000019775000 JavaThread "SwingWorker-pool-1-thread-2" daemon [_thread_blocked, id=68784, stack(0x000000001e220000,0x000000001e320000)]
  0x0000000019773000 JavaThread "Timer-2" [_thread_blocked, id=74496, stack(0x000000001e120000,0x000000001e220000)]
  0x0000000019777800 JavaThread "Timer-1" [_thread_blocked, id=74484, stack(0x000000001e020000,0x000000001e120000)]
  0x0000000019773800 JavaThread "Timer-0" [_thread_blocked, id=74568, stack(0x000000001dd20000,0x000000001de20000)]
  0x0000000019774800 JavaThread "KeyTipManager processing thread" daemon [_thread_blocked, id=60804, stack(0x000000001dc20000,0x000000001dd20000)]
  0x0000000019772000 JavaThread "pool-2-thread-1" [_thread_blocked, id=74220, stack(0x000000001c150000,0x000000001c250000)]
  0x0000000019771800 JavaThread "TimerQueue" daemon [_thread_blocked, id=57420, stack(0x000000001be50000,0x000000001bf50000)]
  0x0000000019778000 JavaThread "DestroyJavaVM" [_thread_blocked, id=73556, stack(0x0000000002360000,0x0000000002460000)]
  0x0000000019776800 JavaThread "SwingWorker-pool-1-thread-1" daemon [_thread_blocked, id=74240, stack(0x000000001bd50000,0x000000001be50000)]
  0x0000000018e0e000 JavaThread "Trident pulse source thread" daemon [_thread_blocked, id=68104, stack(0x000000001b9b0000,0x000000001bab0000)]
  0x000000001974d800 JavaThread "Trident callback thread" daemon [_thread_blocked, id=74392, stack(0x000000001b8b0000,0x000000001b9b0000)]
  0x0000000019726800 JavaThread "Substance heap status" daemon [_thread_blocked, id=74536, stack(0x000000001aca0000,0x000000001ada0000)]
  0x0000000019334000 JavaThread "AWT-EventQueue-0" [_thread_in_native, id=74312, stack(0x000000001a190000,0x000000001a290000)]
  0x000000001932f800 JavaThread "AWT-Windows" daemon [_thread_in_native, id=70024, stack(0x0000000019fd0000,0x000000001a0d0000)]
  0x0000000019344800 JavaThread "AWT-Shutdown" [_thread_blocked, id=67292, stack(0x0000000019ed0000,0x0000000019fd0000)]
  0x0000000019341800 JavaThread "Java2D Disposer" daemon [_thread_blocked, id=46400, stack(0x0000000019dd0000,0x0000000019ed0000)]
  0x0000000018b16800 JavaThread "Service Thread" daemon [_thread_blocked, id=49148, stack(0x0000000019010000,0x0000000019110000)]
  0x000000001732e000 JavaThread "C1 CompilerThread2" daemon [_thread_blocked, id=63712, stack(0x0000000018f10000,0x0000000019010000)]
  0x000000001732d000 JavaThread "C2 CompilerThread1" daemon [_thread_in_native, id=73916, stack(0x0000000018a10000,0x0000000018b10000)]
=>0x00000000172cb000 JavaThread "C2 CompilerThread0" daemon [_thread_in_native, id=66284, stack(0x0000000018910000,0x0000000018a10000)]
  0x00000000172c9800 JavaThread "Attach Listener" daemon [_thread_blocked, id=74592, stack(0x0000000018810000,0x0000000018910000)]
  0x00000000172d5000 JavaThread "Signal Dispatcher" daemon [_thread_blocked, id=63196, stack(0x0000000018710000,0x0000000018810000)]
  0x00000000172ba800 JavaThread "Finalizer" daemon [_thread_blocked, id=69240, stack(0x0000000018520000,0x0000000018620000)]
  0x0000000002550000 JavaThread "Reference Handler" daemon [_thread_blocked, id=45020, stack(0x0000000018420000,0x0000000018520000)]

Other Threads:
  0x0000000017298000 VMThread [stack: 0x0000000018320000,0x0000000018420000] [id=63224]
  0x0000000018b1a800 WatcherThread [stack: 0x0000000019110000,0x0000000019210000] [id=55964]

VM state:not at safepoint (normal execution)

VM Mutex/Monitor currently owned by a thread: None

Heap:
 PSYoungGen      total 37888K, used 18442K [0x0000000794a00000, 0x0000000798100000, 0x00000007c0000000)
  eden space 32768K, 40% used [0x0000000794a00000,0x000000079570a6d0,0x0000000796a00000)
  from space 5120K, 99% used [0x0000000796a00000,0x0000000796ef8420,0x0000000796f00000)
  to   space 5120K, 0% used [0x0000000797c00000,0x0000000797c00000,0x0000000798100000)
 ParOldGen       total 70144K, used 17066K [0x000000073de00000, 0x0000000742280000, 0x0000000794a00000)
  object space 70144K, 24% used [0x000000073de00000,0x000000073eeaa9c0,0x0000000742280000)
 Metaspace       used 25083K, capacity 25824K, committed 25856K, reserved 1071104K
  class space    used 3448K, capacity 3573K, committed 3584K, reserved 1048576K

Card table byte_map: [0x0000000011920000,0x0000000011d40000] byte_map_base: 0x000000000df31000

Marking Bits: (ParMarkBitMap*) 0x000000005741c720
 Begin Bits: [0x0000000012400000, 0x0000000014488000)
 End Bits:   [0x0000000014488000, 0x0000000016510000)

Polling page: 0x00000000022e0000

CodeCache: size=245760Kb used=8113Kb max_used=8125Kb free=237646Kb
 bounds [0x0000000002560000, 0x0000000002d60000, 0x0000000011560000]
 total_blobs=3066 nmethods=2445 adapters=532
 compilation: enabled

Compilation events (10 events):
Event: 11.559 Thread 0x000000001732e000 nmethod 2753 0x0000000002d58110 code [0x0000000002d58800, 0x0000000002d5d3b8]
Event: 11.561 Thread 0x000000001732e000 2755       3       sun.font.SunFontManager$T1Filter::accept (67 bytes)
Event: 11.561 Thread 0x000000001732e000 nmethod 2755 0x00000000026b8ed0 code [0x00000000026b9080, 0x00000000026b9798]
Event: 11.561 Thread 0x000000001732e000 2756       3       java.util.concurrent.ConcurrentHashMap$Traverser::advance (188 bytes)
Event: 11.562 Thread 0x000000001732e000 nmethod 2756 0x00000000027aa390 code [0x00000000027aa580, 0x00000000027ab218]
Event: 11.562 Thread 0x000000001732e000 2757       3       java.util.concurrent.ConcurrentHashMap$BaseIterator::hasNext (13 bytes)
Event: 11.562 Thread 0x000000001732e000 nmethod 2757 0x00000000027eb310 code [0x00000000027eb460, 0x00000000027eb610]
Event: 11.563 Thread 0x000000001732e000 2758       3       java.util.concurrent.ConcurrentHashMap$ValueIterator::next (34 bytes)
Event: 11.563 Thread 0x000000001732e000 nmethod 2758 0x00000000027534d0 code [0x0000000002753640, 0x0000000002753938]
Event: 11.575 Thread 0x000000001732d000 2759       4       java.io.WinNTFileSystem::normalize (143 bytes)

GC Heap History (8 events):
Event: 6.126 GC heap before
{Heap before GC invocations=1 (full 0):
 PSYoungGen      total 37888K, used 32768K [0x0000000794a00000, 0x0000000797400000, 0x00000007c0000000)
  eden space 32768K, 100% used [0x0000000794a00000,0x0000000796a00000,0x0000000796a00000)
  from space 5120K, 0% used [0x0000000796f00000,0x0000000796f00000,0x0000000797400000)
  to   space 5120K, 0% used [0x0000000796a00000,0x0000000796a00000,0x0000000796f00000)
 ParOldGen       total 86016K, used 0K [0x000000073de00000, 0x0000000743200000, 0x0000000794a00000)
  object space 86016K, 0% used [0x000000073de00000,0x000000073de00000,0x0000000743200000)
 Metaspace       used 17105K, capacity 17372K, committed 17792K, reserved 1064960K
  class space    used 2240K, capacity 2343K, committed 2432K, reserved 1048576K
Event: 6.135 GC heap after
Heap after GC invocations=1 (full 0):
 PSYoungGen      total 37888K, used 5091K [0x0000000794a00000, 0x0000000797400000, 0x00000007c0000000)
  eden space 32768K, 0% used [0x0000000794a00000,0x0000000794a00000,0x0000000796a00000)
  from space 5120K, 99% used [0x0000000796a00000,0x0000000796ef8cf8,0x0000000796f00000)
  to   space 5120K, 0% used [0x0000000796f00000,0x0000000796f00000,0x0000000797400000)
 ParOldGen       total 86016K, used 1846K [0x000000073de00000, 0x0000000743200000, 0x0000000794a00000)
  object space 86016K, 2% used [0x000000073de00000,0x000000073dfcd9f8,0x0000000743200000)
 Metaspace       used 17105K, capacity 17372K, committed 17792K, reserved 1064960K
  class space    used 2240K, capacity 2343K, committed 2432K, reserved 1048576K
}
Event: 6.978 GC heap before
{Heap before GC invocations=2 (full 0):
 PSYoungGen      total 37888K, used 32221K [0x0000000794a00000, 0x0000000797400000, 0x00000007c0000000)
  eden space 32768K, 82% used [0x0000000794a00000,0x000000079647e960,0x0000000796a00000)
  from space 5120K, 99% used [0x0000000796a00000,0x0000000796ef8cf8,0x0000000796f00000)
  to   space 5120K, 0% used [0x0000000796f00000,0x0000000796f00000,0x0000000797400000)
 ParOldGen       total 86016K, used 1846K [0x000000073de00000, 0x0000000743200000, 0x0000000794a00000)
  object space 86016K, 2% used [0x000000073de00000,0x000000073dfcd9f8,0x0000000743200000)
 Metaspace       used 20773K, capacity 21034K, committed 21296K, reserved 1067008K
  class space    used 2726K, capacity 2834K, committed 2944K, reserved 1048576K
Event: 6.991 GC heap after
Heap after GC invocations=2 (full 0):
 PSYoungGen      total 37888K, used 5109K [0x0000000794a00000, 0x0000000797400000, 0x00000007c0000000)
  eden space 32768K, 0% used [0x0000000794a00000,0x0000000794a00000,0x0000000796a00000)
  from space 5120K, 99% used [0x0000000796f00000,0x00000007973fd7c0,0x0000000797400000)
  to   space 5120K, 0% used [0x0000000796a00000,0x0000000796a00000,0x0000000796f00000)
 ParOldGen       total 86016K, used 8466K [0x000000073de00000, 0x0000000743200000, 0x0000000794a00000)
  object space 86016K, 9% used [0x000000073de00000,0x000000073e644a50,0x0000000743200000)
 Metaspace       used 20773K, capacity 21034K, committed 21296K, reserved 1067008K
  class space    used 2726K, capacity 2834K, committed 2944K, reserved 1048576K
}
Event: 6.991 GC heap before
{Heap before GC invocations=3 (full 1):
 PSYoungGen      total 37888K, used 5109K [0x0000000794a00000, 0x0000000797400000, 0x00000007c0000000)
  eden space 32768K, 0% used [0x0000000794a00000,0x0000000794a00000,0x0000000796a00000)
  from space 5120K, 99% used [0x0000000796f00000,0x00000007973fd7c0,0x0000000797400000)
  to   space 5120K, 0% used [0x0000000796a00000,0x0000000796a00000,0x0000000796f00000)
 ParOldGen       total 86016K, used 8466K [0x000000073de00000, 0x0000000743200000, 0x0000000794a00000)
  object space 86016K, 9% used [0x000000073de00000,0x000000073e644a50,0x0000000743200000)
 Metaspace       used 20773K, capacity 21034K, committed 21296K, reserved 1067008K
  class space    used 2726K, capacity 2834K, committed 2944K, reserved 1048576K
Event: 7.058 GC heap after
Heap after GC invocations=3 (full 1):
 PSYoungGen      total 37888K, used 0K [0x0000000794a00000, 0x0000000797400000, 0x00000007c0000000)
  eden space 32768K, 0% used [0x0000000794a00000,0x0000000794a00000,0x0000000796a00000)
  from space 5120K, 0% used [0x0000000796f00000,0x0000000796f00000,0x0000000797400000)
  to   space 5120K, 0% used [0x0000000796a00000,0x0000000796a00000,0x0000000796f00000)
 ParOldGen       total 70144K, used 11467K [0x000000073de00000, 0x0000000742280000, 0x0000000794a00000)
  object space 70144K, 16% used [0x000000073de00000,0x000000073e932fa8,0x0000000742280000)
 Metaspace       used 20773K, capacity 21034K, committed 21296K, reserved 1067008K
  class space    used 2726K, capacity 2834K, committed 2944K, reserved 1048576K
}
Event: 10.212 GC heap before
{Heap before GC invocations=4 (full 1):
 PSYoungGen      total 37888K, used 32768K [0x0000000794a00000, 0x0000000797400000, 0x00000007c0000000)
  eden space 32768K, 100% used [0x0000000794a00000,0x0000000796a00000,0x0000000796a00000)
  from space 5120K, 0% used [0x0000000796f00000,0x0000000796f00000,0x0000000797400000)
  to   space 5120K, 0% used [0x0000000796a00000,0x0000000796a00000,0x0000000796f00000)
 ParOldGen       total 70144K, used 11467K [0x000000073de00000, 0x0000000742280000, 0x0000000794a00000)
  object space 70144K, 16% used [0x000000073de00000,0x000000073e932fa8,0x0000000742280000)
 Metaspace       used 23043K, capacity 23542K, committed 23808K, reserved 1069056K
  class space    used 3091K, capacity 3224K, committed 3328K, reserved 1048576K
Event: 10.221 GC heap after
Heap after GC invocations=4 (full 1):
 PSYoungGen      total 37888K, used 5089K [0x0000000794a00000, 0x0000000798100000, 0x00000007c0000000)
  eden space 32768K, 0% used [0x0000000794a00000,0x0000000794a00000,0x0000000796a00000)
  from space 5120K, 99% used [0x0000000796a00000,0x0000000796ef8420,0x0000000796f00000)
  to   space 5120K, 0% used [0x0000000797c00000,0x0000000797c00000,0x0000000798100000)
 ParOldGen       total 70144K, used 17066K [0x000000073de00000, 0x0000000742280000, 0x0000000794a00000)
  object space 70144K, 24% used [0x000000073de00000,0x000000073eeaa9c0,0x0000000742280000)
 Metaspace       used 23043K, capacity 23542K, committed 23808K, reserved 1069056K
  class space    used 3091K, capacity 3224K, committed 3328K, reserved 1048576K
}

Deoptimization events (10 events):
Event: 6.650 Thread 0x0000000019776000 Uncommon trap: reason=unstable_if action=reinterpret pc=0x0000000002a16748 method=com.jpexs.decompiler.flash.SWFInputStream.newDumpLevel(Ljava/lang/String;Ljava/lang/String;Lcom/jpexs/decompiler/flash/dumpview/DumpInfoSpecialType;Ljava/lang/Object;)Lcom/j
Event: 6.657 Thread 0x0000000019777800 Uncommon trap: reason=unstable_if action=reinterpret pc=0x0000000002a017c4 method=java.lang.Long.valueOf(J)Ljava/lang/Long; @ 5
Event: 7.753 Thread 0x0000000019772000 Uncommon trap: reason=unstable_if action=reinterpret pc=0x0000000002b0ad90 method=com.jpexs.decompiler.flash.timeline.DepthState.<init>(Lcom/jpexs/decompiler/flash/timeline/DepthState;Lcom/jpexs/decompiler/flash/timeline/Frame;Z)V @ 194
Event: 7.802 Thread 0x0000000019334000 Uncommon trap: reason=predicate action=maybe_recompile pc=0x0000000002b13848 method=java.util.ArrayList.indexOf(Ljava/lang/Object;)I @ 44
Event: 8.254 Thread 0x0000000019772000 Uncommon trap: reason=unstable_if action=reinterpret pc=0x0000000002aacac4 method=java.io.WinNTFileSystem.normalize(Ljava/lang/String;)Ljava/lang/String; @ 74
Event: 9.936 Thread 0x0000000019772000 Uncommon trap: reason=class_check action=maybe_recompile pc=0x000000000292f1fc method=sun.misc.ProxyGenerator$ConstantPool$IndirectEntry.equals(Ljava/lang/Object;)Z @ 1
Event: 9.936 Thread 0x0000000019772000 Uncommon trap: reason=class_check action=maybe_recompile pc=0x000000000292f1fc method=sun.misc.ProxyGenerator$ConstantPool$IndirectEntry.equals(Ljava/lang/Object;)Z @ 1
Event: 10.019 Thread 0x0000000019334000 Uncommon trap: reason=class_check action=maybe_recompile pc=0x000000000284f990 method=java.util.HashMap.putVal(ILjava/lang/Object;Ljava/lang/Object;ZZ)Ljava/lang/Object; @ 203
Event: 10.019 Thread 0x0000000019334000 Uncommon trap: reason=class_check action=maybe_recompile pc=0x0000000002839408 method=java.util.HashMap.putVal(ILjava/lang/Object;Ljava/lang/Object;ZZ)Ljava/lang/Object; @ 203
Event: 11.190 Thread 0x000000001ce03800 Uncommon trap: reason=unstable_if action=reinterpret pc=0x0000000002956224 method=sun.awt.image.ByteInterleavedRaster.putByteData(IIII[B)V @ 79

Internal exceptions (10 events):
Event: 1.920 Thread 0x0000000019334000 Exception <a 'java/lang/NoClassDefFoundError': android/graphics/Point> (0x0000000796085948) thrown at [C:\re\workspace\8-2-build-windows-amd64-cygwin\jdk8u131\8869\hotspot\src\share\vm\classfile\systemDictionary.cpp, line 199]
Event: 6.236 Thread 0x00000000194e8800 Exception <a 'java/net/BindException': Address already in use: JVM_Bind> (0x0000000794d531a8) thrown at [C:\re\workspace\8-2-build-windows-amd64-cygwin\jdk8u131\8869\hotspot\src\share\vm\prims\jni.cpp, line 735]
Event: 6.292 Thread 0x0000000019334000 Exception <a 'java/lang/NullPointerException'> (0x0000000794e72eb0) thrown at [C:\re\workspace\8-2-build-windows-amd64-cygwin\jdk8u131\8869\hotspot\src\share\vm\interpreter\linkResolver.cpp, line 1197]
Event: 6.354 Thread 0x0000000019334000 Exception <a 'java/lang/UnsatisfiedLinkError': The specified procedure could not be found.
> (0x0000000794f1a230) thrown at [C:\re\workspace\8-2-build-windows-amd64-cygwin\jdk8u131\8869\hotspot\src\share\vm\prims\jni.cpp, line 735]
Event: 6.354 Thread 0x0000000019334000 Exception <a 'java/lang/UnsatisfiedLinkError': The specified procedure could not be found.
> (0x0000000794f1b480) thrown at [C:\re\workspace\8-2-build-windows-amd64-cygwin\jdk8u131\8869\hotspot\src\share\vm\prims\jni.cpp, line 735]
Event: 6.648 Thread 0x0000000019775000 Implicit null exception at 0x0000000002a01d10 to 0x0000000002a01da9
Event: 9.674 Thread 0x0000000019772000 Exception <a 'java/lang/UnsatisfiedLinkError': The specified procedure could not be found.
> (0x000000079602c138) thrown at [C:\re\workspace\8-2-build-windows-amd64-cygwin\jdk8u131\8869\hotspot\src\share\vm\prims\jni.cpp, line 735]
Event: 9.755 Thread 0x0000000019772000 Exception <a 'java/lang/UnsatisfiedLinkError': The specified procedure could not be found.
> (0x000000079602cf50) thrown at [C:\re\workspace\8-2-build-windows-amd64-cygwin\jdk8u131\8869\hotspot\src\share\vm\prims\jni.cpp, line 735]
Event: 9.755 Thread 0x0000000019772000 Exception <a 'java/lang/UnsatisfiedLinkError': The specified procedure could not be found.
> (0x000000079602dd00) thrown at [C:\re\workspace\8-2-build-windows-amd64-cygwin\jdk8u131\8869\hotspot\src\share\vm\prims\jni.cpp, line 735]
Event: 10.312 Thread 0x0000000019334000 Exception <a 'java/lang/UnsatisfiedLinkError': The specified procedure could not be found.
> (0x0000000794db5d10) thrown at [C:\re\workspace\8-2-build-windows-amd64-cygwin\jdk8u131\8869\hotspot\src\share\vm\prims\jni.cpp, line 735]

Events (10 events):
Event: 11.566 Executing VM operation: RevokeBias
Event: 11.566 Executing VM operation: RevokeBias done
Event: 11.566 Executing VM operation: RevokeBias
Event: 11.566 Executing VM operation: RevokeBias done
Event: 11.566 Executing VM operation: RevokeBias
Event: 11.566 Executing VM operation: RevokeBias done
Event: 11.566 Executing VM operation: RevokeBias
Event: 11.566 Executing VM operation: RevokeBias done
Event: 11.566 Executing VM operation: BulkRevokeBias
Event: 11.567 Executing VM operation: BulkRevokeBias done


Dynamic libraries:
0x00007ff680230000 - 0x00007ff680267000 	C:\Program Files\Java\jre1.8.0_131\bin\javaw.exe
0x00007ffb5ed70000 - 0x00007ffb5ef42000 	C:\Windows\SYSTEM32\ntdll.dll
0x00007ffb5ea70000 - 0x00007ffb5eb1c000 	C:\Windows\System32\KERNEL32.DLL
0x00007ffb5bf80000 - 0x00007ffb5c19d000 	C:\Windows\System32\KERNELBASE.dll
0x00007ffb5eb90000 - 0x00007ffb5ec32000 	C:\Windows\System32\ADVAPI32.dll
0x00007ffb5c700000 - 0x00007ffb5c79e000 	C:\Windows\System32\msvcrt.dll
0x00007ffb5c5d0000 - 0x00007ffb5c629000 	C:\Windows\System32\sechost.dll
0x00007ffb5ec40000 - 0x00007ffb5ed61000 	C:\Windows\System32\RPCRT4.dll
0x00007ffb5c300000 - 0x00007ffb5c465000 	C:\Windows\System32\USER32.dll
0x00007ffb5bc90000 - 0x00007ffb5bcae000 	C:\Windows\System32\win32u.dll
0x00007ffb5c7c0000 - 0x00007ffb5c7f4000 	C:\Windows\System32\GDI32.dll
0x00007ffb5bdb0000 - 0x00007ffb5bf30000 	C:\Windows\System32\gdi32full.dll
0x00007ffb4f050000 - 0x00007ffb4f2ca000 	C:\Windows\WinSxS\amd64_microsoft.windows.common-controls_6595b64144ccf1df_6.0.14393.953_none_42151e83c686086b\COMCTL32.dll
0x00007ffb5e610000 - 0x00007ffb5e8d8000 	C:\Windows\System32\combase.dll
0x00007ffb5bcb0000 - 0x00007ffb5bda5000 	C:\Windows\System32\ucrtbase.dll
0x00007ffb5ba50000 - 0x00007ffb5baba000 	C:\Windows\System32\bcryptPrimitives.dll
0x00007ffb5c6d0000 - 0x00007ffb5c6fe000 	C:\Windows\System32\IMM32.DLL
0x00000000574a0000 - 0x0000000057572000 	C:\Program Files\Java\jre1.8.0_131\bin\msvcr100.dll
0x0000000056c00000 - 0x000000005749c000 	C:\Program Files\Java\jre1.8.0_131\bin\server\jvm.dll
0x00007ffb5c800000 - 0x00007ffb5c808000 	C:\Windows\System32\PSAPI.DLL
0x00007ffb4aef0000 - 0x00007ffb4aef9000 	C:\Windows\SYSTEM32\WSOCK32.dll
0x00007ffb5e8e0000 - 0x00007ffb5e94a000 	C:\Windows\System32\WS2_32.dll
0x00007ffb59130000 - 0x00007ffb59153000 	C:\Windows\SYSTEM32\WINMM.dll
0x00007ffb51f80000 - 0x00007ffb51f8a000 	C:\Windows\SYSTEM32\VERSION.dll
0x00007ffb59100000 - 0x00007ffb5912b000 	C:\Windows\SYSTEM32\WINMMBASE.dll
0x00007ffb5bf30000 - 0x00007ffb5bf72000 	C:\Windows\System32\cfgmgr32.dll
0x0000000057640000 - 0x000000005764f000 	C:\Program Files\Java\jre1.8.0_131\bin\verify.dll
0x0000000057610000 - 0x0000000057639000 	C:\Program Files\Java\jre1.8.0_131\bin\java.dll
0x00000000575f0000 - 0x0000000057606000 	C:\Program Files\Java\jre1.8.0_131\bin\zip.dll
0x00007ffb5ce60000 - 0x00007ffb5e368000 	C:\Windows\System32\SHELL32.dll
0x00007ffb5b370000 - 0x00007ffb5ba48000 	C:\Windows\System32\windows.storage.dll
0x00007ffb5b220000 - 0x00007ffb5b26c000 	C:\Windows\System32\powrprof.dll
0x00007ffb5c810000 - 0x00007ffb5c862000 	C:\Windows\System32\shlwapi.dll
0x00007ffb5b210000 - 0x00007ffb5b21f000 	C:\Windows\System32\kernel.appcore.dll
0x00007ffb5c250000 - 0x00007ffb5c2f9000 	C:\Windows\System32\shcore.dll
0x00007ffb5b1e0000 - 0x00007ffb5b1f4000 	C:\Windows\System32\profapi.dll
0x00000000575d0000 - 0x00000000575ea000 	C:\Program Files\Java\jre1.8.0_131\bin\net.dll
0x00007ffb5ab10000 - 0x00007ffb5ab6c000 	C:\Windows\system32\mswsock.dll
0x00000000575b0000 - 0x00000000575c1000 	C:\Program Files\Java\jre1.8.0_131\bin\nio.dll
0x0000000056a60000 - 0x0000000056bf8000 	C:\Program Files\Java\jre1.8.0_131\bin\awt.dll
0x00007ffb5e9b0000 - 0x00007ffb5ea6f000 	C:\Windows\System32\OLEAUT32.dll
0x00007ffb5b2d0000 - 0x00007ffb5b36c000 	C:\Windows\System32\msvcp_win.dll
0x00007ffb59860000 - 0x00007ffb598da000 	C:\Windows\SYSTEM32\apphelp.dll
0x00007ffb58f80000 - 0x00007ffb58fa6000 	C:\Windows\system32\DWMAPI.DLL
0x00007ffb59a00000 - 0x00007ffb59a95000 	C:\Windows\system32\uxtheme.dll
0x00007ffb5c470000 - 0x00007ffb5c5ca000 	C:\Windows\System32\MSCTF.dll
0x00007ffb5c870000 - 0x00007ffb5c9a8000 	C:\Windows\System32\ole32.dll
0x0000000056a10000 - 0x0000000056a57000 	C:\Program Files\Java\jre1.8.0_131\bin\fontmanager.dll
0x00007ffb47b00000 - 0x00007ffb47c23000 	C:\Windows\system32\opengl32.dll
0x00007ffb47580000 - 0x00007ffb475ad000 	C:\Windows\SYSTEM32\GLU32.dll
0x00007ffb47480000 - 0x00007ffb47577000 	C:\Windows\SYSTEM32\DDRAW.dll
0x00007ffb47390000 - 0x00007ffb47398000 	C:\Windows\SYSTEM32\DCIMAN32.dll
0x00000000569e0000 - 0x0000000056a0a000 	C:\Program Files\Java\jre1.8.0_131\bin\dcpr.dll
0x00007ffb5acc0000 - 0x00007ffb5acd7000 	C:\Windows\SYSTEM32\CRYPTSP.dll
0x00007ffb5a710000 - 0x00007ffb5a743000 	C:\Windows\system32\rsaenh.dll
0x00007ffb5adc0000 - 0x00007ffb5adeb000 	C:\Windows\SYSTEM32\bcrypt.dll
0x00007ffb5a990000 - 0x00007ffb5a9af000 	C:\Windows\SYSTEM32\USERENV.dll
0x00007ffb5acb0000 - 0x00007ffb5acbb000 	C:\Windows\SYSTEM32\CRYPTBASE.dll
0x00007ffb5a890000 - 0x00007ffb5a8c8000 	C:\Windows\SYSTEM32\IPHLPAPI.DLL
0x00007ffb5cde0000 - 0x00007ffb5cde8000 	C:\Windows\System32\NSI.dll
0x00007ffb51c40000 - 0x00007ffb51c56000 	C:\Windows\SYSTEM32\dhcpcsvc6.DLL
0x00007ffb51e20000 - 0x00007ffb51e3a000 	C:\Windows\SYSTEM32\dhcpcsvc.DLL
0x0000000056990000 - 0x00000000569d2000 	C:\Program Files\Java\jre1.8.0_131\bin\t2k.dll
0x00007ffb5c630000 - 0x00007ffb5c6cf000 	C:\Windows\System32\clbcatq.dll
0x00007ffb58790000 - 0x00007ffb58938000 	C:\Windows\SYSTEM32\WindowsCodecs.dll
0x00007ffb3a1f0000 - 0x00007ffb3a239000 	C:\Windows\system32\dataexchange.dll
0x00007ffb57590000 - 0x00007ffb57846000 	C:\Windows\system32\d3d11.dll
0x00007ffb59190000 - 0x00007ffb592e1000 	C:\Windows\system32\dcomp.dll
0x00007ffb5a280000 - 0x00007ffb5a31f000 	C:\Windows\system32\dxgi.dll
0x00007ffb59d10000 - 0x00007ffb59e2c000 	C:\Windows\system32\twinapi.appcore.dll
0x00007ffb318e0000 - 0x00007ffb31917000 	C:\Users\User\AppData\Local\Temp\jna-User\jna4250953974760195598.dll
0x00007ffb405a0000 - 0x00007ffb405b6000 	C:\Windows\system32\napinsp.dll
0x00007ffb403e0000 - 0x00007ffb403fa000 	C:\Windows\system32\pnrpnsp.dll
0x00007ffb58bf0000 - 0x00007ffb58c08000 	C:\Windows\system32\NLAapi.dll
0x00007ffb5a8d0000 - 0x00007ffb5a971000 	C:\Windows\SYSTEM32\DNSAPI.dll
0x00007ffb403d0000 - 0x00007ffb403de000 	C:\Windows\System32\winrnr.dll
0x00007ffb56de0000 - 0x00007ffb56df5000 	C:\Windows\System32\wshbth.dll
0x0000000058c30000 - 0x0000000058c56000 	C:\Program Files\Bonjour\mdnsNSP.dll
0x00007ffb4ee40000 - 0x00007ffb4eeaa000 	C:\Windows\System32\fwpuclnt.dll
0x00007ffb45ae0000 - 0x00007ffb45aea000 	C:\Windows\System32\rasadhlp.dll
0x0000000056870000 - 0x0000000056912000 	C:\Program Files\Java\jre1.8.0_131\bin\mlib_image.dll
0x0000000056830000 - 0x000000005686c000 	C:\Program Files\Java\jre1.8.0_131\bin\lcms.dll
0x00007ffb58df0000 - 0x00007ffb58f75000 	C:\Windows\SYSTEM32\PROPSYS.dll
0x00007ffb39c90000 - 0x00007ffb39cd2000 	C:\Windows\SYSTEM32\edputil.dll
0x00007ffb4db90000 - 0x00007ffb4dd53000 	C:\Windows\SYSTEM32\urlmon.dll
0x00007ffb502a0000 - 0x00007ffb50545000 	C:\Windows\SYSTEM32\iertutil.dll
0x00007ffb5aee0000 - 0x00007ffb5af0c000 	C:\Windows\SYSTEM32\SspiCli.dll
0x00007ffb57ec0000 - 0x00007ffb57ed0000 	C:\Windows\SYSTEM32\pcacli.dll
0x00007ffb3f120000 - 0x00007ffb3f13b000 	C:\Windows\SYSTEM32\MPR.dll
0x00007ffb55360000 - 0x00007ffb55371000 	C:\Windows\System32\sfc_os.dll
0x00007ffb5c9b0000 - 0x00007ffb5cdd9000 	C:\Windows\System32\SETUPAPI.dll
0x00007ffb53a20000 - 0x00007ffb53a33000 	C:\Windows\SYSTEM32\DEVRTL.dll

VM Arguments:
jvm_args: -Xmx2082m -Djava.net.preferIPv4Stack=true -Djna.nosys=true 
java_command: C:\Program Files (x86)\FFDec\ffdec.jar C:\xampp\htdocs\tsugi\mod\MecMovies\slides\4_axial\4.5_M5.5.swf
java_class_path (initial): C:\Program Files (x86)\FFDec\ffdec.jar
Launcher Type: SUN_STANDARD

Environment Variables:
PATH=C:\Program Files\Git\cmd;C:\Python27\Lib\site-packages\PyQt4;C:\Program Files (x86)\NVIDIA Corporation\PhysX\Common;C:\Program Files (x86)\Intel\iCLS Client\;C:\Program Files\Intel\iCLS Client\;C:\Windows\system32;C:\Windows;C:\Windows\System32\Wbem;C:\Windows\System32\WindowsPowerShell\v1.0\;C:\Program Files (x86)\Intel\Intel(R) Management Engine Components\DAL;C:\Program Files\Intel\Intel(R) Management Engine Components\DAL;C:\Program Files (x86)\Intel\Intel(R) Management Engine Components\IPT;C:\Program Files\Intel\Intel(R) Management Engine Components\IPT;C:\Program Files (x86)\Common Files\Acronis\SnapAPI\;C:\Program Files\node-v6.10.0-win-x64;C:\curl;C:\Users\User\Desktop\InformationRetrieval\solr-7.1.0\solr-7.1.0\bin;C:\Program Files\dotnet\;C:\Program Files (x86)\GtkSharp\2.12\bin;C:\Program Files (x86)\Brackets\command;C:\Program Files (x86)\Yarn\bin;C:\Users\User\Desktop\Websites\ngrok-stable-windows-amd64;C:\Ruby24-x64\bin;C:\Users\User\AppData\Local\Microsoft\WindowsApps;C:\Users\User\AppData\Local\Yarn\bin;C:\Program Files\Java\jre1.8.0_131\bin
USERNAME=User
OS=Windows_NT
PROCESSOR_IDENTIFIER=Intel64 Family 6 Model 142 Stepping 9, GenuineIntel



---------------  S Y S T E M  ---------------

OS: Windows 10.0 , 64 bit Build 14393 (10.0.14393.1198)

CPU:total 4 (initial active 4) (2 cores per cpu, 2 threads per core) family 6 model 142 stepping 9, cmov, cx8, fxsr, mmx, sse, sse2, sse3, ssse3, sse4.1, sse4.2, popcnt, avx, avx2, aes, clmul, erms, 3dnowpref, lzcnt, ht, tsc, tscinvbit, bmi1, bmi2, adx

Memory: 4k page, physical 8254604k(1345180k free), swap 11728868k(1932k free)

vm_info: Java HotSpot(TM) 64-Bit Server VM (25.131-b11) for windows-amd64 JRE (1.8.0_131-b11), built on Mar 15 2017 01:23:53 by "java_re" with MS VC++ 10.0 (VS2010)

time: Wed Dec 20 08:56:40 2017
elapsed time: 11 seconds (0d 0h 0m 11s)

