#
# There is insufficient memory for the Java Runtime Environment to continue.
# Native memory allocation (malloc) failed to allocate 545232 bytes for Chunk::new
# Possible reasons:
#   The system is out of physical RAM or swap space
#   In 32 bit mode, the process size limit was hit
# Possible solutions:
#   Reduce memory load on the system
#   Increase physical memory or swap space
#   Check if swap backing store is full
#   Use 64 bit Java on a 64 bit OS
#   Decrease Java heap size (-Xmx/-Xms)
#   Decrease number of Java threads
#   Decrease Java thread stack sizes (-Xss)
#   Set larger code cache with -XX:ReservedCodeCacheSize=
# This output file may be truncated or incomplete.
#
#  Out of Memory Error (allocation.cpp:390), pid=74248, tid=0x000000000001203c
#
# JRE version: Java(TM) SE Runtime Environment (8.0_131-b11) (build 1.8.0_131-b11)
# Java VM: Java HotSpot(TM) 64-Bit Server VM (25.131-b11 mixed mode windows-amd64 compressed oops)
# Failed to write core dump. Minidumps are not enabled by default on client versions of Windows
#

---------------  T H R E A D  ---------------

Current thread (0x0000000019b4d800):  JavaThread "C2 CompilerThread1" daemon [_thread_in_native, id=73788, stack(0x000000001b230000,0x000000001b330000)]

Stack: [0x000000001b230000,0x000000001b330000]
[error occurred during error reporting (printing stack bounds), id 0xc0000005]

Native frames: (J=compiled Java code, j=interpreted, Vv=VM code, C=native code)


Current CompileTask:
C2:  12256 3907       4       com.jpexs.decompiler.flash.SWFInputStream::readSHAPERECORD (688 bytes)


---------------  P R O C E S S  ---------------

Java Threads: ( => current thread )
  0x000000001fa58800 JavaThread "Image Fetcher 3" daemon [_thread_blocked, id=71812, stack(0x0000000022380000,0x0000000022480000)]
  0x000000001fa55000 JavaThread "Image Fetcher 2" daemon [_thread_blocked, id=74624, stack(0x0000000022280000,0x0000000022380000)]
  0x000000001fa52800 JavaThread "SwingWorker-pool-1-thread-10" daemon [_thread_blocked, id=55600, stack(0x0000000022180000,0x0000000022280000)]
  0x000000001fa52000 JavaThread "SwingWorker-pool-1-thread-9" daemon [_thread_blocked, id=68220, stack(0x0000000022080000,0x0000000022180000)]
  0x000000001fa51000 JavaThread "SwingWorker-pool-1-thread-8" daemon [_thread_blocked, id=72868, stack(0x0000000021f80000,0x0000000022080000)]
  0x000000001fa58000 JavaThread "SwingWorker-pool-1-thread-7" daemon [_thread_blocked, id=68552, stack(0x0000000021e80000,0x0000000021f80000)]
  0x000000001fa56800 JavaThread "SwingWorker-pool-1-thread-6" daemon [_thread_blocked, id=71428, stack(0x0000000021d80000,0x0000000021e80000)]
  0x000000001fa57000 JavaThread "SwingWorker-pool-1-thread-5" daemon [_thread_blocked, id=57420, stack(0x0000000021c80000,0x0000000021d80000)]
  0x000000001fa50800 JavaThread "SwingWorker-pool-1-thread-4" daemon [_thread_blocked, id=59728, stack(0x0000000021b80000,0x0000000021c80000)]
  0x000000001c02d000 JavaThread "SwingWorker-pool-1-thread-3" daemon [_thread_blocked, id=70336, stack(0x0000000021a80000,0x0000000021b80000)]
  0x000000001c02e800 JavaThread "SwingWorker-pool-1-thread-2" daemon [_thread_blocked, id=73884, stack(0x0000000021980000,0x0000000021a80000)]
  0x000000001c02c800 JavaThread "Timer-2" [_thread_blocked, id=73740, stack(0x0000000021880000,0x0000000021980000)]
  0x000000001c02f800 JavaThread "Timer-1" [_thread_blocked, id=74012, stack(0x0000000021780000,0x0000000021880000)]
  0x000000001c030000 JavaThread "Timer-0" [_thread_blocked, id=73736, stack(0x0000000021480000,0x0000000021580000)]
  0x000000001c02b800 JavaThread "KeyTipManager processing thread" daemon [_thread_blocked, id=64028, stack(0x0000000021380000,0x0000000021480000)]
  0x000000001c02e000 JavaThread "pool-2-thread-1" [_thread_blocked, id=74308, stack(0x000000001e8e0000,0x000000001e9e0000)]
  0x000000001c02a000 JavaThread "TimerQueue" daemon [_thread_blocked, id=65660, stack(0x000000001e5e0000,0x000000001e6e0000)]
  0x000000001c02b000 JavaThread "DestroyJavaVM" [_thread_blocked, id=74368, stack(0x0000000002b20000,0x0000000002c20000)]
  0x000000001c031000 JavaThread "SwingWorker-pool-1-thread-1" daemon [_thread_blocked, id=66980, stack(0x000000001e3f0000,0x000000001e4f0000)]
  0x000000001bf91800 JavaThread "Trident pulse source thread" daemon [_thread_blocked, id=68252, stack(0x000000001e0c0000,0x000000001e1c0000)]
  0x000000001bf90800 JavaThread "Trident callback thread" daemon [_thread_blocked, id=73780, stack(0x000000001dfc0000,0x000000001e0c0000)]
  0x000000001be28000 JavaThread "Substance heap status" daemon [_thread_blocked, id=71796, stack(0x000000001d070000,0x000000001d170000)]
  0x000000001bee1000 JavaThread "Image Fetcher 1" daemon [_thread_blocked, id=46688, stack(0x000000001cb60000,0x000000001cc60000)]
  0x000000001bf17000 JavaThread "Image Fetcher 0" daemon [_thread_blocked, id=72484, stack(0x000000001ca60000,0x000000001cb60000)]
  0x000000001bb1f000 JavaThread "AWT-EventQueue-0" [_thread_in_native, id=72896, stack(0x000000001c960000,0x000000001ca60000)]
  0x000000001bb3c000 JavaThread "AWT-Windows" daemon [_thread_in_native, id=74108, stack(0x000000001c860000,0x000000001c960000)]
  0x000000001bb55800 JavaThread "AWT-Shutdown" [_thread_blocked, id=52232, stack(0x000000001c760000,0x000000001c860000)]
  0x000000001bb54800 JavaThread "Java2D Disposer" daemon [_thread_blocked, id=69484, stack(0x000000001c660000,0x000000001c760000)]
  0x000000001b335800 JavaThread "Service Thread" daemon [_thread_blocked, id=65052, stack(0x000000001b830000,0x000000001b930000)]
  0x000000001b330800 JavaThread "C1 CompilerThread2" daemon [_thread_blocked, id=63360, stack(0x000000001b730000,0x000000001b830000)]
=>0x0000000019b4d800 JavaThread "C2 CompilerThread1" daemon [_thread_in_native, id=73788, stack(0x000000001b230000,0x000000001b330000)]
  0x0000000019aef000 JavaThread "C2 CompilerThread0" daemon [_thread_in_native, id=72444, stack(0x000000001b130000,0x000000001b230000)]
  0x0000000019aeb000 JavaThread "Attach Listener" daemon [_thread_blocked, id=66296, stack(0x000000001b030000,0x000000001b130000)]
  0x0000000019ae9800 JavaThread "Signal Dispatcher" daemon [_thread_blocked, id=74532, stack(0x000000001af30000,0x000000001b030000)]
  0x0000000002e9a000 JavaThread "Finalizer" daemon [_thread_blocked, id=74404, stack(0x000000001ad40000,0x000000001ae40000)]
  0x0000000002e8f000 JavaThread "Reference Handler" daemon [_thread_blocked, id=74220, stack(0x000000001ac40000,0x000000001ad40000)]

Other Threads:
  0x0000000019ab8000 VMThread [stack: 0x000000001ab40000,0x000000001ac40000] [id=74504]
  0x000000001b349800 WatcherThread [stack: 0x000000001b930000,0x000000001ba30000] [id=48108]

VM state:not at safepoint (normal execution)

VM Mutex/Monitor currently owned by a thread: None

Heap:
 PSYoungGen      total 51200K, used 39114K [0x0000000782f80000, 0x0000000786780000, 0x00000007c0000000)
  eden space 46080K, 84% used [0x0000000782f80000,0x00000007855b2a50,0x0000000785c80000)
  from space 5120K, 0% used [0x0000000785c80000,0x0000000785c80000,0x0000000786180000)
  to   space 5120K, 0% used [0x0000000786180000,0x0000000786180000,0x0000000786680000)
 ParOldGen       total 75264K, used 74411K [0x0000000708e00000, 0x000000070d780000, 0x0000000782f80000)
  object space 75264K, 98% used [0x0000000708e00000,0x000000070d6aad48,0x000000070d780000)
 Metaspace       used 29520K, capacity 30560K, committed 30720K, reserved 1075200K
  class space    used 4091K, capacity 4289K, committed 4352K, reserved 1048576K

Card table byte_map: [0x0000000012260000,0x0000000012820000] byte_map_base: 0x000000000ea19000

Marking Bits: (ParMarkBitMap*) 0x000000005741c720
 Begin Bits: [0x0000000013000000, 0x0000000015dc8000)
 End Bits:   [0x0000000015dc8000, 0x0000000018b90000)

Polling page: 0x0000000000f20000

CodeCache: size=245760Kb used=12074Kb max_used=12074Kb free=233685Kb
 bounds [0x0000000002ea0000, 0x0000000003a80000, 0x0000000011ea0000]
 total_blobs=4253 nmethods=3615 adapters=548
 compilation: enabled

Compilation events (10 events):
Event: 12.241 Thread 0x000000001b330800 3988       1       com.sun.org.apache.xerces.internal.util.XMLAttributesImpl::getLength (5 bytes)
Event: 12.241 Thread 0x000000001b330800 nmethod 3988 0x0000000003a71090 code [0x0000000003a711e0, 0x0000000003a712f0]
Event: 12.241 Thread 0x000000001b330800 3989       3       com.jpexs.decompiler.flash.SWFInputStream::readRGB (56 bytes)
Event: 12.242 Thread 0x000000001b330800 nmethod 3989 0x0000000003a73890 code [0x0000000003a73bc0, 0x0000000003a74b58]
Event: 12.243 Thread 0x000000001b330800 3990       1       com.jpexs.decompiler.flash.tags.DefineEditTextTag::getCharacterId (5 bytes)
Event: 12.243 Thread 0x000000001b330800 nmethod 3990 0x0000000003a70dd0 code [0x0000000003a70f20, 0x0000000003a71030]
Event: 12.244 Thread 0x000000001b330800 3991       3       java.io.ByteArrayOutputStream::<init> (43 bytes)
Event: 12.244 Thread 0x000000001b330800 nmethod 3991 0x0000000003a75910 code [0x0000000003a75b00, 0x0000000003a76498]
Event: 12.245 Thread 0x000000001b330800 3992       3       com.jpexs.decompiler.flash.SWFOutputStream::writeUB (87 bytes)
Event: 12.245 Thread 0x000000001b330800 nmethod 3992 0x0000000003a768d0 code [0x0000000003a76a60, 0x0000000003a76f08]

GC Heap History (10 events):
Event: 5.975 GC heap before
{Heap before GC invocations=3 (full 1):
 PSYoungGen      total 37888K, used 5093K [0x0000000782f80000, 0x0000000787980000, 0x00000007c0000000)
  eden space 32768K, 0% used [0x0000000782f80000,0x0000000782f80000,0x0000000784f80000)
  from space 5120K, 99% used [0x0000000785480000,0x0000000785979430,0x0000000785980000)
  to   space 5120K, 0% used [0x0000000784f80000,0x0000000784f80000,0x0000000785480000)
 ParOldGen       total 86016K, used 8734K [0x0000000708e00000, 0x000000070e200000, 0x0000000782f80000)
  object space 86016K, 10% used [0x0000000708e00000,0x0000000709687a10,0x000000070e200000)
 Metaspace       used 20784K, capacity 21034K, committed 21296K, reserved 1067008K
  class space    used 2723K, capacity 2834K, committed 2944K, reserved 1048576K
Event: 6.067 GC heap after
Heap after GC invocations=3 (full 1):
 PSYoungGen      total 37888K, used 0K [0x0000000782f80000, 0x0000000787980000, 0x00000007c0000000)
  eden space 32768K, 0% used [0x0000000782f80000,0x0000000782f80000,0x0000000784f80000)
  from space 5120K, 0% used [0x0000000785480000,0x0000000785480000,0x0000000785980000)
  to   space 5120K, 0% used [0x0000000784f80000,0x0000000784f80000,0x0000000785480000)
 ParOldGen       total 72704K, used 11756K [0x0000000708e00000, 0x000000070d500000, 0x0000000782f80000)
  object space 72704K, 16% used [0x0000000708e00000,0x000000070997b310,0x000000070d500000)
 Metaspace       used 20784K, capacity 21034K, committed 21296K, reserved 1067008K
  class space    used 2723K, capacity 2834K, committed 2944K, reserved 1048576K
}
Event: 8.047 GC heap before
{Heap before GC invocations=4 (full 1):
 PSYoungGen      total 37888K, used 32768K [0x0000000782f80000, 0x0000000787980000, 0x00000007c0000000)
  eden space 32768K, 100% used [0x0000000782f80000,0x0000000784f80000,0x0000000784f80000)
  from space 5120K, 0% used [0x0000000785480000,0x0000000785480000,0x0000000785980000)
  to   space 5120K, 0% used [0x0000000784f80000,0x0000000784f80000,0x0000000785480000)
 ParOldGen       total 72704K, used 11756K [0x0000000708e00000, 0x000000070d500000, 0x0000000782f80000)
  object space 72704K, 16% used [0x0000000708e00000,0x000000070997b310,0x000000070d500000)
 Metaspace       used 23420K, capacity 24082K, committed 24320K, reserved 1071104K
  class space    used 3136K, capacity 3276K, committed 3328K, reserved 1048576K
Event: 8.066 GC heap after
Heap after GC invocations=4 (full 1):
 PSYoungGen      total 37888K, used 5089K [0x0000000782f80000, 0x0000000786680000, 0x00000007c0000000)
  eden space 32768K, 0% used [0x0000000782f80000,0x0000000782f80000,0x0000000784f80000)
  from space 5120K, 99% used [0x0000000784f80000,0x0000000785478420,0x0000000785480000)
  to   space 5120K, 0% used [0x0000000786180000,0x0000000786180000,0x0000000786680000)
 ParOldGen       total 72704K, used 15614K [0x0000000708e00000, 0x000000070d500000, 0x0000000782f80000)
  object space 72704K, 21% used [0x0000000708e00000,0x0000000709d3fa58,0x000000070d500000)
 Metaspace       used 23420K, capacity 24082K, committed 24320K, reserved 1071104K
  class space    used 3136K, capacity 3276K, committed 3328K, reserved 1048576K
}
Event: 9.416 GC heap before
{Heap before GC invocations=5 (full 1):
 PSYoungGen      total 37888K, used 37196K [0x0000000782f80000, 0x0000000786680000, 0x00000007c0000000)
  eden space 32768K, 97% used [0x0000000782f80000,0x0000000784edaec0,0x0000000784f80000)
  from space 5120K, 99% used [0x0000000784f80000,0x0000000785478420,0x0000000785480000)
  to   space 5120K, 0% used [0x0000000786180000,0x0000000786180000,0x0000000786680000)
 ParOldGen       total 72704K, used 15614K [0x0000000708e00000, 0x000000070d500000, 0x0000000782f80000)
  object space 72704K, 21% used [0x0000000708e00000,0x0000000709d3fa58,0x000000070d500000)
 Metaspace       used 25230K, capacity 25980K, committed 26240K, reserved 1071104K
  class space    used 3464K, capacity 3605K, committed 3712K, reserved 1048576K
Event: 9.439 GC heap after
Heap after GC invocations=5 (full 1):
 PSYoungGen      total 51200K, used 5112K [0x0000000782f80000, 0x0000000786780000, 0x00000007c0000000)
  eden space 46080K, 0% used [0x0000000782f80000,0x0000000782f80000,0x0000000785c80000)
  from space 5120K, 99% used [0x0000000786180000,0x000000078667e248,0x0000000786680000)
  to   space 5120K, 0% used [0x0000000785c80000,0x0000000785c80000,0x0000000786180000)
 ParOldGen       total 72704K, used 37907K [0x0000000708e00000, 0x000000070d500000, 0x0000000782f80000)
  object space 72704K, 52% used [0x0000000708e00000,0x000000070b304c10,0x000000070d500000)
 Metaspace       used 25230K, capacity 25980K, committed 26240K, reserved 1071104K
  class space    used 3464K, capacity 3605K, committed 3712K, reserved 1048576K
}
Event: 10.396 GC heap before
{Heap before GC invocations=6 (full 1):
 PSYoungGen      total 51200K, used 51192K [0x0000000782f80000, 0x0000000786780000, 0x00000007c0000000)
  eden space 46080K, 100% used [0x0000000782f80000,0x0000000785c80000,0x0000000785c80000)
  from space 5120K, 99% used [0x0000000786180000,0x000000078667e248,0x0000000786680000)
  to   space 5120K, 0% used [0x0000000785c80000,0x0000000785c80000,0x0000000786180000)
 ParOldGen       total 72704K, used 37907K [0x0000000708e00000, 0x000000070d500000, 0x0000000782f80000)
  object space 72704K, 52% used [0x0000000708e00000,0x000000070b304c10,0x000000070d500000)
 Metaspace       used 26880K, capacity 27796K, committed 28032K, reserved 1073152K
  class space    used 3756K, capacity 3925K, committed 3968K, reserved 1048576K
Event: 10.419 GC heap after
Heap after GC invocations=6 (full 1):
 PSYoungGen      total 51200K, used 5088K [0x0000000782f80000, 0x0000000786780000, 0x00000007c0000000)
  eden space 46080K, 0% used [0x0000000782f80000,0x0000000782f80000,0x0000000785c80000)
  from space 5120K, 99% used [0x0000000785c80000,0x0000000786178020,0x0000000786180000)
  to   space 5120K, 0% used [0x0000000786180000,0x0000000786180000,0x0000000786680000)
 ParOldGen       total 75264K, used 74118K [0x0000000708e00000, 0x000000070d780000, 0x0000000782f80000)
  object space 75264K, 98% used [0x0000000708e00000,0x000000070d661b18,0x000000070d780000)
 Metaspace       used 26880K, capacity 27796K, committed 28032K, reserved 1073152K
  class space    used 3756K, capacity 3925K, committed 3968K, reserved 1048576K
}
Event: 10.419 GC heap before
{Heap before GC invocations=7 (full 2):
 PSYoungGen      total 51200K, used 5088K [0x0000000782f80000, 0x0000000786780000, 0x00000007c0000000)
  eden space 46080K, 0% used [0x0000000782f80000,0x0000000782f80000,0x0000000785c80000)
  from space 5120K, 99% used [0x0000000785c80000,0x0000000786178020,0x0000000786180000)
  to   space 5120K, 0% used [0x0000000786180000,0x0000000786180000,0x0000000786680000)
 ParOldGen       total 75264K, used 74118K [0x0000000708e00000, 0x000000070d780000, 0x0000000782f80000)
  object space 75264K, 98% used [0x0000000708e00000,0x000000070d661b18,0x000000070d780000)
 Metaspace       used 26880K, capacity 27796K, committed 28032K, reserved 1073152K
  class space    used 3756K, capacity 3925K, committed 3968K, reserved 1048576K
Event: 10.621 GC heap after
Heap after GC invocations=7 (full 2):
 PSYoungGen      total 51200K, used 0K [0x0000000782f80000, 0x0000000786780000, 0x00000007c0000000)
  eden space 46080K, 0% used [0x0000000782f80000,0x0000000782f80000,0x0000000785c80000)
  from space 5120K, 0% used [0x0000000785c80000,0x0000000785c80000,0x0000000786180000)
  to   space 5120K, 0% used [0x0000000786180000,0x0000000786180000,0x0000000786680000)
 ParOldGen       total 75264K, used 74411K [0x0000000708e00000, 0x000000070d780000, 0x0000000782f80000)
  object space 75264K, 98% used [0x0000000708e00000,0x000000070d6aad48,0x000000070d780000)
 Metaspace       used 26880K, capacity 27796K, committed 28032K, reserved 1073152K
  class space    used 3756K, capacity 3925K, committed 3968K, reserved 1048576K
}

Deoptimization events (10 events):
Event: 12.010 Thread 0x000000001bb1f000 Uncommon trap: reason=unstable_if action=reinterpret pc=0x00000000030ddcc8 method=sun.font.CompositeStrike.getStrikeForSlot(I)Lsun/font/PhysicalStrike; @ 8
Event: 12.011 Thread 0x000000001bb1f000 Uncommon trap: reason=unstable_if action=reinterpret pc=0x000000000393d028 method=sun.font.CompositeGlyphMapper.getCachedGlyphCode(I)I @ 19
Event: 12.011 Thread 0x000000001bb1f000 Uncommon trap: reason=unstable_if action=reinterpret pc=0x0000000003280bf0 method=sun.font.FileFontStrike.getCachedGlyphPtrInternal(I)J @ 99
Event: 12.012 Thread 0x000000001bb1f000 Uncommon trap: reason=unstable_if action=reinterpret pc=0x000000000318d390 method=sun.font.FileFontStrike.getCachedGlyphPtrInternal(I)J @ 99
Event: 12.030 Thread 0x000000001bb1f000 Uncommon trap: reason=unstable_if action=reinterpret pc=0x0000000002fb31d4 method=java.lang.StrictMath.floorOrCeil(DDDD)D @ 38
Event: 12.075 Thread 0x000000001bb1f000 Uncommon trap: reason=speculate_class_check action=maybe_recompile pc=0x00000000039ba13c method=java.awt.EventQueue.coalesceEvent(Ljava/awt/AWTEvent;I)Z @ 53
Event: 12.108 Thread 0x000000001bb1f000 Uncommon trap: reason=unstable_if action=reinterpret pc=0x0000000003a2aed4 method=java.util.Objects.equals(Ljava/lang/Object;Ljava/lang/Object;)Z @ 2
Event: 12.177 Thread 0x000000001bb1f000 Uncommon trap: reason=unstable_if action=reinterpret pc=0x000000000312db1c method=sun.nio.cs.UTF_8$Encoder.encode([CII[B)I @ 33
Event: 12.177 Thread 0x000000001bb1f000 Uncommon trap: reason=unstable_if action=reinterpret pc=0x000000000333f8b0 method=java.lang.Character.isSurrogate(C)Z @ 3
Event: 12.244 Thread 0x000000001bb1f000 Uncommon trap: reason=unstable_if action=reinterpret pc=0x00000000033778f4 method=com.jpexs.decompiler.flash.tags.Tag.<init>(Lcom/jpexs/decompiler/flash/SWF;ILjava/lang/String;Lcom/jpexs/helpers/ByteArrayRange;)V @ 62

Internal exceptions (10 events):
Event: 6.640 Thread 0x000000001c02e000 Implicit null exception at 0x0000000003491c99 to 0x0000000003491f55
Event: 6.640 Thread 0x000000001c02e000 Implicit null exception at 0x000000000348fa7e to 0x000000000348fdd9
Event: 7.315 Thread 0x000000001c02e000 Exception <a 'java/lang/UnsatisfiedLinkError': The specified procedure could not be found.
> (0x000000078423a558) thrown at [C:\re\workspace\8-2-build-windows-amd64-cygwin\jdk8u131\8869\hotspot\src\share\vm\prims\jni.cpp, line 735]
Event: 7.424 Thread 0x000000001c02e000 Exception <a 'java/lang/UnsatisfiedLinkError': The specified procedure could not be found.
> (0x000000078423b370) thrown at [C:\re\workspace\8-2-build-windows-amd64-cygwin\jdk8u131\8869\hotspot\src\share\vm\prims\jni.cpp, line 735]
Event: 7.424 Thread 0x000000001c02e000 Exception <a 'java/lang/UnsatisfiedLinkError': The specified procedure could not be found.
> (0x000000078423c120) thrown at [C:\re\workspace\8-2-build-windows-amd64-cygwin\jdk8u131\8869\hotspot\src\share\vm\prims\jni.cpp, line 735]
Event: 7.954 Thread 0x000000001bb1f000 Exception <a 'java/lang/UnsatisfiedLinkError': The specified procedure could not be found.
> (0x0000000784dc7dc0) thrown at [C:\re\workspace\8-2-build-windows-amd64-cygwin\jdk8u131\8869\hotspot\src\share\vm\prims\jni.cpp, line 735]
Event: 11.641 Thread 0x000000001bb1f000 Implicit null exception at 0x000000000348c00f to 0x000000000348ccc5
Event: 12.011 Thread 0x000000001bb1f000 Implicit null exception at 0x000000000393cfb2 to 0x000000000393d019
Event: 12.011 Thread 0x000000001bb1f000 Implicit null exception at 0x0000000003280892 to 0x0000000003280bc5
Event: 12.012 Thread 0x000000001bb1f000 Implicit null exception at 0x000000000318d222 to 0x000000000318d379

Events (10 events):
Event: 12.185 loading class com/sun/xml/internal/stream/Entity$InternalEntity done
Event: 12.185 loading class com/sun/org/apache/xerces/internal/impl/Constants
Event: 12.185 loading class com/sun/org/apache/xerces/internal/impl/Constants done
Event: 12.185 loading class com/sun/org/apache/xerces/internal/impl/Constants$ArrayEnumeration
Event: 12.185 loading class com/sun/org/apache/xerces/internal/impl/Constants$ArrayEnumeration done
Event: 12.186 loading class com/jpexs/decompiler/flash/tags/dynamictext/CharacterWithStyle
Event: 12.186 loading class com/jpexs/decompiler/flash/tags/dynamictext/CharacterWithStyle done
Event: 12.244 Thread 0x000000001bb1f000 Uncommon trap: trap_request=0xffffff65 fr.pc=0x00000000033778f4
Event: 12.244 Thread 0x000000001bb1f000 DEOPT PACKING pc=0x00000000033778f4 sp=0x000000001ca5d810
Event: 12.244 Thread 0x000000001bb1f000 DEOPT UNPACKING pc=0x0000000002ee582a sp=0x000000001ca5d7c0 mode 2


Dynamic libraries:
0x00007ff680230000 - 0x00007ff680267000 	C:\Program Files\Java\jre1.8.0_131\bin\javaw.exe
0x00007ffb5ed70000 - 0x00007ffb5ef42000 	C:\Windows\SYSTEM32\ntdll.dll
0x00007ffb5ea70000 - 0x00007ffb5eb1c000 	C:\Windows\System32\KERNEL32.DLL
0x00007ffb5bf80000 - 0x00007ffb5c19d000 	C:\Windows\System32\KERNELBASE.dll
0x00007ffb5eb90000 - 0x00007ffb5ec32000 	C:\Windows\System32\ADVAPI32.dll
0x00007ffb5c700000 - 0x00007ffb5c79e000 	C:\Windows\System32\msvcrt.dll
0x00007ffb5c5d0000 - 0x00007ffb5c629000 	C:\Windows\System32\sechost.dll
0x00007ffb5ec40000 - 0x00007ffb5ed61000 	C:\Windows\System32\RPCRT4.dll
0x00007ffb5c300000 - 0x00007ffb5c465000 	C:\Windows\System32\USER32.dll
0x00007ffb5bc90000 - 0x00007ffb5bcae000 	C:\Windows\System32\win32u.dll
0x00007ffb5c7c0000 - 0x00007ffb5c7f4000 	C:\Windows\System32\GDI32.dll
0x00007ffb5bdb0000 - 0x00007ffb5bf30000 	C:\Windows\System32\gdi32full.dll
0x00007ffb4f050000 - 0x00007ffb4f2ca000 	C:\Windows\WinSxS\amd64_microsoft.windows.common-controls_6595b64144ccf1df_6.0.14393.953_none_42151e83c686086b\COMCTL32.dll
0x00007ffb5e610000 - 0x00007ffb5e8d8000 	C:\Windows\System32\combase.dll
0x00007ffb5bcb0000 - 0x00007ffb5bda5000 	C:\Windows\System32\ucrtbase.dll
0x00007ffb5ba50000 - 0x00007ffb5baba000 	C:\Windows\System32\bcryptPrimitives.dll
0x00007ffb5c6d0000 - 0x00007ffb5c6fe000 	C:\Windows\System32\IMM32.DLL
0x00000000574a0000 - 0x0000000057572000 	C:\Program Files\Java\jre1.8.0_131\bin\msvcr100.dll
0x0000000056c00000 - 0x000000005749c000 	C:\Program Files\Java\jre1.8.0_131\bin\server\jvm.dll
0x00007ffb5c800000 - 0x00007ffb5c808000 	C:\Windows\System32\PSAPI.DLL
0x00007ffb4aef0000 - 0x00007ffb4aef9000 	C:\Windows\SYSTEM32\WSOCK32.dll
0x00007ffb5e8e0000 - 0x00007ffb5e94a000 	C:\Windows\System32\WS2_32.dll
0x00007ffb59130000 - 0x00007ffb59153000 	C:\Windows\SYSTEM32\WINMM.dll
0x00007ffb51f80000 - 0x00007ffb51f8a000 	C:\Windows\SYSTEM32\VERSION.dll
0x00007ffb59100000 - 0x00007ffb5912b000 	C:\Windows\SYSTEM32\WINMMBASE.dll
0x00007ffb5bf30000 - 0x00007ffb5bf72000 	C:\Windows\System32\cfgmgr32.dll
0x0000000057640000 - 0x000000005764f000 	C:\Program Files\Java\jre1.8.0_131\bin\verify.dll
0x0000000057610000 - 0x0000000057639000 	C:\Program Files\Java\jre1.8.0_131\bin\java.dll
0x00000000575f0000 - 0x0000000057606000 	C:\Program Files\Java\jre1.8.0_131\bin\zip.dll
0x00007ffb5ce60000 - 0x00007ffb5e368000 	C:\Windows\System32\SHELL32.dll
0x00007ffb5b370000 - 0x00007ffb5ba48000 	C:\Windows\System32\windows.storage.dll
0x00007ffb5b220000 - 0x00007ffb5b26c000 	C:\Windows\System32\powrprof.dll
0x00007ffb5c810000 - 0x00007ffb5c862000 	C:\Windows\System32\shlwapi.dll
0x00007ffb5b210000 - 0x00007ffb5b21f000 	C:\Windows\System32\kernel.appcore.dll
0x00007ffb5c250000 - 0x00007ffb5c2f9000 	C:\Windows\System32\shcore.dll
0x00007ffb5b1e0000 - 0x00007ffb5b1f4000 	C:\Windows\System32\profapi.dll
0x00000000575d0000 - 0x00000000575ea000 	C:\Program Files\Java\jre1.8.0_131\bin\net.dll
0x00007ffb5ab10000 - 0x00007ffb5ab6c000 	C:\Windows\system32\mswsock.dll
0x00000000575b0000 - 0x00000000575c1000 	C:\Program Files\Java\jre1.8.0_131\bin\nio.dll
0x0000000056a60000 - 0x0000000056bf8000 	C:\Program Files\Java\jre1.8.0_131\bin\awt.dll
0x00007ffb5e9b0000 - 0x00007ffb5ea6f000 	C:\Windows\System32\OLEAUT32.dll
0x00007ffb5b2d0000 - 0x00007ffb5b36c000 	C:\Windows\System32\msvcp_win.dll
0x00007ffb59860000 - 0x00007ffb598da000 	C:\Windows\SYSTEM32\apphelp.dll
0x00007ffb58f80000 - 0x00007ffb58fa6000 	C:\Windows\system32\DWMAPI.DLL
0x00007ffb59a00000 - 0x00007ffb59a95000 	C:\Windows\system32\uxtheme.dll
0x00007ffb5c470000 - 0x00007ffb5c5ca000 	C:\Windows\System32\MSCTF.dll
0x00007ffb5c870000 - 0x00007ffb5c9a8000 	C:\Windows\System32\ole32.dll
0x0000000056a10000 - 0x0000000056a57000 	C:\Program Files\Java\jre1.8.0_131\bin\fontmanager.dll
0x00007ffb47b00000 - 0x00007ffb47c23000 	C:\Windows\system32\opengl32.dll
0x00007ffb47580000 - 0x00007ffb475ad000 	C:\Windows\SYSTEM32\GLU32.dll
0x00007ffb47480000 - 0x00007ffb47577000 	C:\Windows\SYSTEM32\DDRAW.dll
0x00007ffb47390000 - 0x00007ffb47398000 	C:\Windows\SYSTEM32\DCIMAN32.dll
0x00000000569e0000 - 0x0000000056a0a000 	C:\Program Files\Java\jre1.8.0_131\bin\dcpr.dll
0x00007ffb5acc0000 - 0x00007ffb5acd7000 	C:\Windows\SYSTEM32\CRYPTSP.dll
0x00007ffb5a710000 - 0x00007ffb5a743000 	C:\Windows\system32\rsaenh.dll
0x00007ffb5adc0000 - 0x00007ffb5adeb000 	C:\Windows\SYSTEM32\bcrypt.dll
0x00007ffb5a990000 - 0x00007ffb5a9af000 	C:\Windows\SYSTEM32\USERENV.dll
0x00007ffb5acb0000 - 0x00007ffb5acbb000 	C:\Windows\SYSTEM32\CRYPTBASE.dll
0x00007ffb5a890000 - 0x00007ffb5a8c8000 	C:\Windows\SYSTEM32\IPHLPAPI.DLL
0x00007ffb5cde0000 - 0x00007ffb5cde8000 	C:\Windows\System32\NSI.dll
0x00007ffb51c40000 - 0x00007ffb51c56000 	C:\Windows\SYSTEM32\dhcpcsvc6.DLL
0x00007ffb51e20000 - 0x00007ffb51e3a000 	C:\Windows\SYSTEM32\dhcpcsvc.DLL
0x0000000056990000 - 0x00000000569d2000 	C:\Program Files\Java\jre1.8.0_131\bin\t2k.dll
0x00007ffb5c630000 - 0x00007ffb5c6cf000 	C:\Windows\System32\clbcatq.dll
0x00007ffb58790000 - 0x00007ffb58938000 	C:\Windows\SYSTEM32\WindowsCodecs.dll
0x00007ffb3a1f0000 - 0x00007ffb3a239000 	C:\Windows\system32\dataexchange.dll
0x00007ffb57590000 - 0x00007ffb57846000 	C:\Windows\system32\d3d11.dll
0x00007ffb59190000 - 0x00007ffb592e1000 	C:\Windows\system32\dcomp.dll
0x00007ffb5a280000 - 0x00007ffb5a31f000 	C:\Windows\system32\dxgi.dll
0x00007ffb59d10000 - 0x00007ffb59e2c000 	C:\Windows\system32\twinapi.appcore.dll
0x00007ffb35540000 - 0x00007ffb35577000 	C:\Users\User\AppData\Local\Temp\jna-User\jna4531442204070610888.dll
0x00007ffb405a0000 - 0x00007ffb405b6000 	C:\Windows\system32\napinsp.dll
0x00007ffb403e0000 - 0x00007ffb403fa000 	C:\Windows\system32\pnrpnsp.dll
0x00007ffb58bf0000 - 0x00007ffb58c08000 	C:\Windows\system32\NLAapi.dll
0x00007ffb5a8d0000 - 0x00007ffb5a971000 	C:\Windows\SYSTEM32\DNSAPI.dll
0x00007ffb403d0000 - 0x00007ffb403de000 	C:\Windows\System32\winrnr.dll
0x00007ffb56de0000 - 0x00007ffb56df5000 	C:\Windows\System32\wshbth.dll
0x0000000058c30000 - 0x0000000058c56000 	C:\Program Files\Bonjour\mdnsNSP.dll
0x00007ffb4ee40000 - 0x00007ffb4eeaa000 	C:\Windows\System32\fwpuclnt.dll
0x00007ffb45ae0000 - 0x00007ffb45aea000 	C:\Windows\System32\rasadhlp.dll
0x0000000056870000 - 0x0000000056912000 	C:\Program Files\Java\jre1.8.0_131\bin\mlib_image.dll
0x0000000056830000 - 0x000000005686c000 	C:\Program Files\Java\jre1.8.0_131\bin\lcms.dll
0x00007ffb58df0000 - 0x00007ffb58f75000 	C:\Windows\SYSTEM32\PROPSYS.dll
0x00007ffb39c90000 - 0x00007ffb39cd2000 	C:\Windows\SYSTEM32\edputil.dll
0x00007ffb4db90000 - 0x00007ffb4dd53000 	C:\Windows\SYSTEM32\urlmon.dll
0x00007ffb502a0000 - 0x00007ffb50545000 	C:\Windows\SYSTEM32\iertutil.dll
0x00007ffb5aee0000 - 0x00007ffb5af0c000 	C:\Windows\SYSTEM32\SspiCli.dll
0x00007ffb57ec0000 - 0x00007ffb57ed0000 	C:\Windows\SYSTEM32\pcacli.dll
0x00007ffb3f120000 - 0x00007ffb3f13b000 	C:\Windows\SYSTEM32\MPR.dll
0x00007ffb55360000 - 0x00007ffb55371000 	C:\Windows\System32\sfc_os.dll
0x00007ffb5c9b0000 - 0x00007ffb5cdd9000 	C:\Windows\System32\SETUPAPI.dll
0x00007ffb53a20000 - 0x00007ffb53a33000 	C:\Windows\SYSTEM32\DEVRTL.dll

VM Arguments:
jvm_args: -Xmx2930m -Djava.net.preferIPv4Stack=true -Djna.nosys=true 
java_command: C:\Program Files (x86)\FFDec\ffdec.jar C:\xampp\htdocs\tsugi\mod\MecMovies\slides\5_torsion\5.9_M6.9.swf
java_class_path (initial): C:\Program Files (x86)\FFDec\ffdec.jar
Launcher Type: SUN_STANDARD

Environment Variables:
PATH=C:\Program Files\Git\cmd;C:\Python27\Lib\site-packages\PyQt4;C:\Program Files (x86)\NVIDIA Corporation\PhysX\Common;C:\Program Files (x86)\Intel\iCLS Client\;C:\Program Files\Intel\iCLS Client\;C:\Windows\system32;C:\Windows;C:\Windows\System32\Wbem;C:\Windows\System32\WindowsPowerShell\v1.0\;C:\Program Files (x86)\Intel\Intel(R) Management Engine Components\DAL;C:\Program Files\Intel\Intel(R) Management Engine Components\DAL;C:\Program Files (x86)\Intel\Intel(R) Management Engine Components\IPT;C:\Program Files\Intel\Intel(R) Management Engine Components\IPT;C:\Program Files (x86)\Common Files\Acronis\SnapAPI\;C:\Program Files\node-v6.10.0-win-x64;C:\curl;C:\Users\User\Desktop\InformationRetrieval\solr-7.1.0\solr-7.1.0\bin;C:\Program Files\dotnet\;C:\Program Files (x86)\GtkSharp\2.12\bin;C:\Program Files (x86)\Brackets\command;C:\Program Files (x86)\Yarn\bin;C:\Users\User\Desktop\Websites\ngrok-stable-windows-amd64;C:\Ruby24-x64\bin;C:\Users\User\AppData\Local\Microsoft\WindowsApps;C:\Users\User\AppData\Local\Yarn\bin;C:\Program Files\Java\jre1.8.0_131\bin
USERNAME=User
OS=Windows_NT
PROCESSOR_IDENTIFIER=Intel64 Family 6 Model 142 Stepping 9, GenuineIntel



---------------  S Y S T E M  ---------------

OS: Windows 10.0 , 64 bit Build 14393 (10.0.14393.1198)

CPU:total 4 (initial active 4) (2 cores per cpu, 2 threads per core) family 6 model 142 stepping 9, cmov, cx8, fxsr, mmx, sse, sse2, sse3, ssse3, sse4.1, sse4.2, popcnt, avx, avx2, aes, clmul, erms, 3dnowpref, lzcnt, ht, tsc, tscinvbit, bmi1, bmi2, adx

Memory: 4k page, physical 8254604k(2223016k free), swap 11728868k(4672k free)

vm_info: Java HotSpot(TM) 64-Bit Server VM (25.131-b11) for windows-amd64 JRE (1.8.0_131-b11), built on Mar 15 2017 01:23:53 by "java_re" with MS VC++ 10.0 (VS2010)

time: Wed Dec 20 09:03:28 2017
elapsed time: 12 seconds (0d 0h 0m 12s)

